<?xml version="1.0" encoding="UTF-8"?>
<!-- Generated by org.testng.reporters.JUnitXMLReporter -->
<testsuite hostname="gipl-102" ignored="0" tests="51" failures="4" timestamp="2019-11-12T18:38:50 IST" time="613.043" errors="0">
  <testcase name="with_blank_fields" time="1.802" classname="signup_script"/>
  <testcase name="Phone_no" time="1.282" classname="signup_script"/>
  <testcase name="invalid_email" time="1.364" classname="signup_script"/>
  <testcase name="invalid_password" time="1.312" classname="signup_script"/>
  <testcase name="confirm_password" time="1.737" classname="signup_script"/>
  <testcase name="fax_no" time="1.253" classname="signup_script"/>
  <testcase name="registered_email" time="10.824" classname="signup_script"/>
  <testcase name="valid_data" time="30.739" classname="signup_script"/>
  <testcase name="Blank_data" time="4.198" classname="Login_script"/>
  <testcase name="valid_username_and_blank_password" time="0.821" classname="Login_script"/>
  <testcase name="Invalid_username_and_blank_password" time="0.565" classname="Login_script"/>
  <testcase name="blank_username_and_valid_password" time="0.865" classname="Login_script"/>
  <testcase name="wrong_username_and_wrong_password" time="6.072" classname="Login_script"/>
  <testcase name="valid_username_and_wrong_password" time="9.558" classname="Login_script"/>
  <testcase name="invalid_email_forget_password" time="19.276" classname="Login_script"/>
  <testcase name="valid_username_and_valid_password" time="7.972" classname="Login_script"/>
  <testcase name="top_head" time="36.729" classname="home_page_script">
    <failure type="org.openqa.selenium.StaleElementReferenceException" message="stale element reference: element is not attached to the page document
  (Session info: chrome=78.0.3904.97)
For documentation on this error, please visit: https://www.seleniumhq.org/exceptions/stale_element_reference.html
Build info: version: &amp;apos;3.141.59&amp;apos;, revision: &amp;apos;e82be7d358&amp;apos;, time: &amp;apos;2018-11-14T08:17:03&amp;apos;
System info: host: &amp;apos;GIPL-102&amp;apos;, ip: &amp;apos;192.168.10.162&amp;apos;, os.name: &amp;apos;Windows 10&amp;apos;, os.arch: &amp;apos;amd64&amp;apos;, os.version: &amp;apos;10.0&amp;apos;, java.version: &amp;apos;1.8.0_131&amp;apos;
Driver info: org.openqa.selenium.chrome.ChromeDriver
Capabilities {acceptInsecureCerts: false, browserName: chrome, browserVersion: 78.0.3904.97, chrome: {chromedriverVersion: 77.0.3865.40 (f484704e052e0..., userDataDir: C:\Users\KAPIL~1.SAH\AppDat...}, goog:chromeOptions: {debuggerAddress: localhost:65233}, javascriptEnabled: true, networkConnectionEnabled: false, pageLoadStrategy: normal, platform: XP, platformName: XP, proxy: Proxy(), setWindowRect: true, strictFileInteractability: false, timeouts: {implicit: 0, pageLoad: 300000, script: 30000}, unhandledPromptBehavior: dismiss and notify}
Session ID: ac0f35f4dc1888238d5ca5bdda300501
*** Element info: {Using=xpath, value=..//..}">
      <![CDATA[org.openqa.selenium.StaleElementReferenceException: stale element reference: element is not attached to the page document
  (Session info: chrome=78.0.3904.97)
For documentation on this error, please visit: https://www.seleniumhq.org/exceptions/stale_element_reference.html
Build info: version: '3.141.59', revision: 'e82be7d358', time: '2018-11-14T08:17:03'
System info: host: 'GIPL-102', ip: '192.168.10.162', os.name: 'Windows 10', os.arch: 'amd64', os.version: '10.0', java.version: '1.8.0_131'
Driver info: org.openqa.selenium.chrome.ChromeDriver
Capabilities {acceptInsecureCerts: false, browserName: chrome, browserVersion: 78.0.3904.97, chrome: {chromedriverVersion: 77.0.3865.40 (f484704e052e0..., userDataDir: C:\Users\KAPIL~1.SAH\AppDat...}, goog:chromeOptions: {debuggerAddress: localhost:65233}, javascriptEnabled: true, networkConnectionEnabled: false, pageLoadStrategy: normal, platform: XP, platformName: XP, proxy: Proxy(), setWindowRect: true, strictFileInteractability: false, timeouts: {implicit: 0, pageLoad: 300000, script: 30000}, unhandledPromptBehavior: dismiss and notify}
Session ID: ac0f35f4dc1888238d5ca5bdda300501
*** Element info: {Using=xpath, value=..//..}
at org.openqa.selenium.remote.http.W3CHttpResponseCodec.createException(W3CHttpResponseCodec.java:187)
at org.openqa.selenium.remote.http.W3CHttpResponseCodec.decode(W3CHttpResponseCodec.java:122)
at org.openqa.selenium.remote.http.W3CHttpResponseCodec.decode(W3CHttpResponseCodec.java:49)
at org.openqa.selenium.remote.HttpCommandExecutor.execute(HttpCommandExecutor.java:158)
at org.openqa.selenium.remote.service.DriverCommandExecutor.execute(DriverCommandExecutor.java:83)
at org.openqa.selenium.remote.RemoteWebDriver.execute(RemoteWebDriver.java:552)
at org.openqa.selenium.remote.RemoteWebElement.execute(RemoteWebElement.java:285)
at org.openqa.selenium.remote.RemoteWebElement.findElement(RemoteWebElement.java:185)
at org.openqa.selenium.remote.RemoteWebElement.findElementByXPath(RemoteWebElement.java:261)
at org.openqa.selenium.By$ByXPath.findElement(By.java:353)
at org.openqa.selenium.remote.RemoteWebElement.findElement(RemoteWebElement.java:181)
at home_page_script.top_head(home_page_script.java:28)
at java.util.ArrayList.forEach(Unknown Source)
... Removed 31 stack frames]]>
    </failure>
  </testcase> <!-- top_head -->
  <testcase name="validate_logo" time="0.111" classname="home_page_script">
    <failure type="org.openqa.selenium.StaleElementReferenceException" message="stale element reference: element is not attached to the page document
  (Session info: chrome=78.0.3904.97)
For documentation on this error, please visit: https://www.seleniumhq.org/exceptions/stale_element_reference.html
Build info: version: &amp;apos;3.141.59&amp;apos;, revision: &amp;apos;e82be7d358&amp;apos;, time: &amp;apos;2018-11-14T08:17:03&amp;apos;
System info: host: &amp;apos;GIPL-102&amp;apos;, ip: &amp;apos;192.168.10.162&amp;apos;, os.name: &amp;apos;Windows 10&amp;apos;, os.arch: &amp;apos;amd64&amp;apos;, os.version: &amp;apos;10.0&amp;apos;, java.version: &amp;apos;1.8.0_131&amp;apos;
Driver info: org.openqa.selenium.chrome.ChromeDriver
Capabilities {acceptInsecureCerts: false, browserName: chrome, browserVersion: 78.0.3904.97, chrome: {chromedriverVersion: 77.0.3865.40 (f484704e052e0..., userDataDir: C:\Users\KAPIL~1.SAH\AppDat...}, goog:chromeOptions: {debuggerAddress: localhost:65233}, javascriptEnabled: true, networkConnectionEnabled: false, pageLoadStrategy: normal, platform: XP, platformName: XP, proxy: Proxy(), setWindowRect: true, strictFileInteractability: false, timeouts: {implicit: 0, pageLoad: 300000, script: 30000}, unhandledPromptBehavior: dismiss and notify}
Session ID: ac0f35f4dc1888238d5ca5bdda300501
*** Element info: {Using=xpath, value=//div[contains(@class,&amp;apos;header-main&amp;apos;)]}">
      <![CDATA[org.openqa.selenium.StaleElementReferenceException: stale element reference: element is not attached to the page document
  (Session info: chrome=78.0.3904.97)
For documentation on this error, please visit: https://www.seleniumhq.org/exceptions/stale_element_reference.html
Build info: version: '3.141.59', revision: 'e82be7d358', time: '2018-11-14T08:17:03'
System info: host: 'GIPL-102', ip: '192.168.10.162', os.name: 'Windows 10', os.arch: 'amd64', os.version: '10.0', java.version: '1.8.0_131'
Driver info: org.openqa.selenium.chrome.ChromeDriver
Capabilities {acceptInsecureCerts: false, browserName: chrome, browserVersion: 78.0.3904.97, chrome: {chromedriverVersion: 77.0.3865.40 (f484704e052e0..., userDataDir: C:\Users\KAPIL~1.SAH\AppDat...}, goog:chromeOptions: {debuggerAddress: localhost:65233}, javascriptEnabled: true, networkConnectionEnabled: false, pageLoadStrategy: normal, platform: XP, platformName: XP, proxy: Proxy(), setWindowRect: true, strictFileInteractability: false, timeouts: {implicit: 0, pageLoad: 300000, script: 30000}, unhandledPromptBehavior: dismiss and notify}
Session ID: ac0f35f4dc1888238d5ca5bdda300501
*** Element info: {Using=xpath, value=//div[contains(@class,'header-main')]}
at org.openqa.selenium.remote.http.W3CHttpResponseCodec.createException(W3CHttpResponseCodec.java:187)
at org.openqa.selenium.remote.http.W3CHttpResponseCodec.decode(W3CHttpResponseCodec.java:122)
at org.openqa.selenium.remote.http.W3CHttpResponseCodec.decode(W3CHttpResponseCodec.java:49)
at org.openqa.selenium.remote.HttpCommandExecutor.execute(HttpCommandExecutor.java:158)
at org.openqa.selenium.remote.service.DriverCommandExecutor.execute(DriverCommandExecutor.java:83)
at org.openqa.selenium.remote.RemoteWebDriver.execute(RemoteWebDriver.java:552)
at org.openqa.selenium.remote.RemoteWebElement.execute(RemoteWebElement.java:285)
at org.openqa.selenium.remote.RemoteWebElement.findElement(RemoteWebElement.java:185)
at org.openqa.selenium.remote.RemoteWebElement.findElementByXPath(RemoteWebElement.java:261)
at org.openqa.selenium.By$ByXPath.findElement(By.java:353)
at org.openqa.selenium.remote.RemoteWebElement.findElement(RemoteWebElement.java:181)
at home_page_script.validate_logo(home_page_script.java:40)
at java.util.ArrayList.forEach(Unknown Source)
... Removed 31 stack frames]]>
    </failure>
  </testcase> <!-- validate_logo -->
  <testcase name="container" time="0.056" classname="home_page_script">
    <failure type="org.openqa.selenium.StaleElementReferenceException" message="stale element reference: element is not attached to the page document
  (Session info: chrome=78.0.3904.97)
For documentation on this error, please visit: https://www.seleniumhq.org/exceptions/stale_element_reference.html
Build info: version: &amp;apos;3.141.59&amp;apos;, revision: &amp;apos;e82be7d358&amp;apos;, time: &amp;apos;2018-11-14T08:17:03&amp;apos;
System info: host: &amp;apos;GIPL-102&amp;apos;, ip: &amp;apos;192.168.10.162&amp;apos;, os.name: &amp;apos;Windows 10&amp;apos;, os.arch: &amp;apos;amd64&amp;apos;, os.version: &amp;apos;10.0&amp;apos;, java.version: &amp;apos;1.8.0_131&amp;apos;
Driver info: org.openqa.selenium.chrome.ChromeDriver
Capabilities {acceptInsecureCerts: false, browserName: chrome, browserVersion: 78.0.3904.97, chrome: {chromedriverVersion: 77.0.3865.40 (f484704e052e0..., userDataDir: C:\Users\KAPIL~1.SAH\AppDat...}, goog:chromeOptions: {debuggerAddress: localhost:65233}, javascriptEnabled: true, networkConnectionEnabled: false, pageLoadStrategy: normal, platform: XP, platformName: XP, proxy: Proxy(), setWindowRect: true, strictFileInteractability: false, timeouts: {implicit: 0, pageLoad: 300000, script: 30000}, unhandledPromptBehavior: dismiss and notify}
Session ID: ac0f35f4dc1888238d5ca5bdda300501
*** Element info: {Using=xpath, value=//div[contains(@class,&amp;apos;header-main&amp;apos;)]}">
      <![CDATA[org.openqa.selenium.StaleElementReferenceException: stale element reference: element is not attached to the page document
  (Session info: chrome=78.0.3904.97)
For documentation on this error, please visit: https://www.seleniumhq.org/exceptions/stale_element_reference.html
Build info: version: '3.141.59', revision: 'e82be7d358', time: '2018-11-14T08:17:03'
System info: host: 'GIPL-102', ip: '192.168.10.162', os.name: 'Windows 10', os.arch: 'amd64', os.version: '10.0', java.version: '1.8.0_131'
Driver info: org.openqa.selenium.chrome.ChromeDriver
Capabilities {acceptInsecureCerts: false, browserName: chrome, browserVersion: 78.0.3904.97, chrome: {chromedriverVersion: 77.0.3865.40 (f484704e052e0..., userDataDir: C:\Users\KAPIL~1.SAH\AppDat...}, goog:chromeOptions: {debuggerAddress: localhost:65233}, javascriptEnabled: true, networkConnectionEnabled: false, pageLoadStrategy: normal, platform: XP, platformName: XP, proxy: Proxy(), setWindowRect: true, strictFileInteractability: false, timeouts: {implicit: 0, pageLoad: 300000, script: 30000}, unhandledPromptBehavior: dismiss and notify}
Session ID: ac0f35f4dc1888238d5ca5bdda300501
*** Element info: {Using=xpath, value=//div[contains(@class,'header-main')]}
at org.openqa.selenium.remote.http.W3CHttpResponseCodec.createException(W3CHttpResponseCodec.java:187)
at org.openqa.selenium.remote.http.W3CHttpResponseCodec.decode(W3CHttpResponseCodec.java:122)
at org.openqa.selenium.remote.http.W3CHttpResponseCodec.decode(W3CHttpResponseCodec.java:49)
at org.openqa.selenium.remote.HttpCommandExecutor.execute(HttpCommandExecutor.java:158)
at org.openqa.selenium.remote.service.DriverCommandExecutor.execute(DriverCommandExecutor.java:83)
at org.openqa.selenium.remote.RemoteWebDriver.execute(RemoteWebDriver.java:552)
at org.openqa.selenium.remote.RemoteWebElement.execute(RemoteWebElement.java:285)
at org.openqa.selenium.remote.RemoteWebElement.findElement(RemoteWebElement.java:185)
at org.openqa.selenium.remote.RemoteWebElement.findElementByXPath(RemoteWebElement.java:261)
at org.openqa.selenium.By$ByXPath.findElement(By.java:353)
at org.openqa.selenium.remote.RemoteWebElement.findElement(RemoteWebElement.java:181)
at home_page_script.container(home_page_script.java:51)
at java.util.ArrayList.forEach(Unknown Source)
... Removed 31 stack frames]]>
    </failure>
  </testcase> <!-- container -->
  <testcase name="head_menu" time="3.073" classname="home_page_script">
    <failure type="org.openqa.selenium.StaleElementReferenceException" message="stale element reference: element is not attached to the page document
  (Session info: chrome=78.0.3904.97)
For documentation on this error, please visit: https://www.seleniumhq.org/exceptions/stale_element_reference.html
Build info: version: &amp;apos;3.141.59&amp;apos;, revision: &amp;apos;e82be7d358&amp;apos;, time: &amp;apos;2018-11-14T08:17:03&amp;apos;
System info: host: &amp;apos;GIPL-102&amp;apos;, ip: &amp;apos;192.168.10.162&amp;apos;, os.name: &amp;apos;Windows 10&amp;apos;, os.arch: &amp;apos;amd64&amp;apos;, os.version: &amp;apos;10.0&amp;apos;, java.version: &amp;apos;1.8.0_131&amp;apos;
Driver info: org.openqa.selenium.chrome.ChromeDriver
Capabilities {acceptInsecureCerts: false, browserName: chrome, browserVersion: 78.0.3904.97, chrome: {chromedriverVersion: 77.0.3865.40 (f484704e052e0..., userDataDir: C:\Users\KAPIL~1.SAH\AppDat...}, goog:chromeOptions: {debuggerAddress: localhost:65233}, javascriptEnabled: true, networkConnectionEnabled: false, pageLoadStrategy: normal, platform: XP, platformName: XP, proxy: Proxy(), setWindowRect: true, strictFileInteractability: false, timeouts: {implicit: 0, pageLoad: 300000, script: 30000}, unhandledPromptBehavior: dismiss and notify}
Session ID: ac0f35f4dc1888238d5ca5bdda300501
*** Element info: {Using=xpath, value=//div[contains(@class,&amp;apos;header-menu&amp;apos;)]/div[contains(@class,&amp;apos;container&amp;apos;)]}">
      <![CDATA[org.openqa.selenium.StaleElementReferenceException: stale element reference: element is not attached to the page document
  (Session info: chrome=78.0.3904.97)
For documentation on this error, please visit: https://www.seleniumhq.org/exceptions/stale_element_reference.html
Build info: version: '3.141.59', revision: 'e82be7d358', time: '2018-11-14T08:17:03'
System info: host: 'GIPL-102', ip: '192.168.10.162', os.name: 'Windows 10', os.arch: 'amd64', os.version: '10.0', java.version: '1.8.0_131'
Driver info: org.openqa.selenium.chrome.ChromeDriver
Capabilities {acceptInsecureCerts: false, browserName: chrome, browserVersion: 78.0.3904.97, chrome: {chromedriverVersion: 77.0.3865.40 (f484704e052e0..., userDataDir: C:\Users\KAPIL~1.SAH\AppDat...}, goog:chromeOptions: {debuggerAddress: localhost:65233}, javascriptEnabled: true, networkConnectionEnabled: false, pageLoadStrategy: normal, platform: XP, platformName: XP, proxy: Proxy(), setWindowRect: true, strictFileInteractability: false, timeouts: {implicit: 0, pageLoad: 300000, script: 30000}, unhandledPromptBehavior: dismiss and notify}
Session ID: ac0f35f4dc1888238d5ca5bdda300501
*** Element info: {Using=xpath, value=//div[contains(@class,'header-menu')]/div[contains(@class,'container')]}
at org.openqa.selenium.remote.http.W3CHttpResponseCodec.createException(W3CHttpResponseCodec.java:187)
at org.openqa.selenium.remote.http.W3CHttpResponseCodec.decode(W3CHttpResponseCodec.java:122)
at org.openqa.selenium.remote.http.W3CHttpResponseCodec.decode(W3CHttpResponseCodec.java:49)
at org.openqa.selenium.remote.HttpCommandExecutor.execute(HttpCommandExecutor.java:158)
at org.openqa.selenium.remote.service.DriverCommandExecutor.execute(DriverCommandExecutor.java:83)
at org.openqa.selenium.remote.RemoteWebDriver.execute(RemoteWebDriver.java:552)
at org.openqa.selenium.remote.RemoteWebElement.execute(RemoteWebElement.java:285)
at org.openqa.selenium.remote.RemoteWebElement.findElement(RemoteWebElement.java:185)
at org.openqa.selenium.remote.RemoteWebElement.findElementByXPath(RemoteWebElement.java:261)
at org.openqa.selenium.By$ByXPath.findElement(By.java:353)
at org.openqa.selenium.remote.RemoteWebElement.findElement(RemoteWebElement.java:181)
at home_page_script.head_menu(home_page_script.java:71)
at java.util.ArrayList.forEach(Unknown Source)
... Removed 31 stack frames]]>
    </failure>
  </testcase> <!-- head_menu -->
  <testcase name="footer" time="122.578" classname="home_page_script"/>
  <testcase name="newsletter_with_wrong_email" time="1.012" classname="home_page_script"/>
  <testcase name="newsletter" time="26.537" classname="home_page_script"/>
  <testcase name="newsletter_with_already_registered_email" time="7.253" classname="home_page_script"/>
  <testcase name="search_field" time="19.449" classname="home_page_script"/>
  <testcase name="sort_data" time="13.679" classname="product_listing_script"/>
  <testcase name="open_product_details" time="8.312" classname="product_details_script"/>
  <testcase name="product_add" time="4.393" classname="product_details_script"/>
  <testcase name="product_options" time="6.457" classname="product_details_script"/>
  <testcase name="validate_qty" time="2.405" classname="product_details_script"/>
  <testcase name="insert_qyt" time="4.269" classname="product_details_script"/>
  <testcase name="add_product" time="6.665" classname="product_details_script"/>
  <testcase name="wishList" time="19.52" classname="product_details_script"/>
  <testcase name="tab_intend" time="4.462" classname="product_details_script"/>
  <testcase name="review_blank" time="27.802" classname="product_details_script"/>
  <testcase name="review" time="14.68" classname="product_details_script"/>
  <testcase name="open_empty_cart_popup" time="2.3" classname="cart_mini_popup"/>
  <testcase name="validate_empty_cart_popup" time="20.056" classname="cart_mini_popup"/>
  <testcase name="validate_products_in_cart_popup" time="3.156" classname="cart_mini_popup"/>
  <testcase name="validate_products_amount_in_cart_popup" time="3.454" classname="cart_mini_popup"/>
  <testcase name="update_product_quantity_in_cart_popup" time="9.213" classname="cart_mini_popup"/>
  <testcase name="delete_product_from_cart_popup" time="26.368" classname="cart_mini_popup"/>
  <testcase name="proceed_to_checkout" time="21.288" classname="cart_mini_popup"/>
  <testcase name="view_shopping_cart" time="8.459" classname="cart_mini_popup"/>
  <testcase name="validate_products" time="1.28" classname="shopping_cart"/>
  <testcase name="discount_invalid" time="30.845" classname="shopping_cart"/>
  <testcase name="discount_valid" time="15.178" classname="shopping_cart"/>
  <testcase name="update_cart" time="15.059" classname="shopping_cart"/>
  <testcase name="delete_product" time="0.251" classname="shopping_cart"/>
  <testcase name="order_total" time="6.544" classname="shopping_cart"/>
  <testcase name="proceed_to_checkout" time="20.306" classname="shopping_cart"/>
</testsuite>
